#
# A fatal error has been detected by the Java Runtime Environment:
#
#  SIGFPE (0x8) at pc=0x000000011a134188, pid=46092, tid=8195
#
# JRE version: OpenJDK Runtime Environment AdoptOpenJDK (11.0.9.1+1) (build 11.0.9.1+1)
# Java VM: OpenJDK 64-Bit Server VM AdoptOpenJDK (11.0.9.1+1, mixed mode, tiered, compressed oops, g1 gc, bsd-amd64)
# Problematic frame:
# j  MethodsExercises.division(II)V+0
#
# No core dump will be written. Core dumps have been disabled. To enable core dumping, try "ulimit -c unlimited" before starting Java again
#
# If you would like to submit a bug report, please visit:
#   https://github.com/AdoptOpenJDK/openjdk-support/issues
#

---------------  S U M M A R Y ------------

Command Line: -javaagent:/Applications/IntelliJ IDEA.app/Contents/lib/idea_rt.jar=52825:/Applications/IntelliJ IDEA.app/Contents/bin -Dfile.encoding=UTF-8 MethodsExercises

Host: MacBookAir10,1 x86_64 2400 MHz, 8 cores, 8G, Darwin 20.2.0
Time: Mon Mar  8 07:59:00 2021 CST elapsed time: 0.253464 seconds (0d 0h 0m 0s)

---------------  T H R E A D  ---------------

Current thread (0x00007fe44f00f000):  JavaThread "main" [_thread_in_Java, id=8195, stack(0x0000000309f45000,0x000000030a045000)]

Stack: [0x0000000309f45000,0x000000030a045000],  sp=0x000000030a044a30,  free space=1022k
Native frames: (J=compiled Java code, A=aot compiled Java code, j=interpreted, Vv=VM code, C=native code)
j  MethodsExercises.division(II)V+0
j  MethodsExercises.main([Ljava/lang/String;)V+23
v  ~StubRoutines::call_stub
V  [libjvm.dylib+0x3b1880]  JavaCalls::call_helper(JavaValue*, methodHandle const&, JavaCallArguments*, Thread*)+0x21a
V  [libjvm.dylib+0x3f65ba]  jni_invoke_static(JNIEnv_*, JavaValue*, _jobject*, JNICallType, _jmethodID*, JNI_ArgumentPusher*, Thread*)+0x10a
V  [libjvm.dylib+0x3f9daa]  jni_CallStaticVoidMethod+0x1d2
C  [libjli.dylib+0x4b29]  JavaMain+0xab0
C  [libsystem_pthread.dylib+0x6950]  _pthread_start+0xe0
C  [libsystem_pthread.dylib+0x247b]  thread_start+0xf


siginfo: si_signo: 8 (SIGFPE), si_code: 5 (FPE_FLTINV), si_addr: 0x000000011a134188

Register to memory mapping:

RAX=0x0000000000000006 is an unknown value
RBX=0x000000000000006c is an unknown value
RCX=0x0 is NULL
RDX=0x0 is NULL
RSP=0x000000030a044a30 is pointing into the stack for thread: 0x00007fe44f00f000
RBP=0x000000030a044a80 is pointing into the stack for thread: 0x00007fe44f00f000
RSI=0x0 is NULL
RDI=0x00007fe44f00f000 is a thread
R8 =0x00007fe44f00f000 is a thread
R9 =0x0 is NULL
R10=0x00000001101d5220: _ZN19TemplateInterpreter13_active_tableE+0x2000 in /Library/Java/JavaVirtualMachines/adoptopenjdk-11.jdk/Contents/Home/lib/server/libjvm.dylib at 0x000000010f800000
R11=0x000000030a044570 is pointing into the stack for thread: 0x00007fe44f00f000
R12=0x0 is NULL
R13=0x000000013012df85 is pointing into metadata
R14=0x000000030a044a98 is pointing into the stack for thread: 0x00007fe44f00f000
R15=0x00007fe44f00f000 is a thread


Registers:
RAX=0x0000000000000006, RBX=0x000000000000006c, RCX=0x0000000000000000, RDX=0x0000000000000000
RSP=0x000000030a044a30, RBP=0x000000030a044a80, RSI=0x0000000000000000, RDI=0x00007fe44f00f000
R8 =0x00007fe44f00f000, R9 =0x0000000000000000, R10=0x00000001101d5220, R11=0x000000030a044570
R12=0x0000000000000000, R13=0x000000013012df85, R14=0x000000030a044a98, R15=0x00007fe44f00f000
RIP=0x000000011a134188, EFLAGS=0x0000000000000a87, ERR=0x0000000000000000
  TRAPNO=0x0000000000000000

Top of Stack: (sp=0x000000030a044a30)
0x000000030a044a30:   0000000787f103d0 000000030a044a38
0x000000030a044a40:   000000013012df80 000000030a044a98
0x000000030a044a50:   000000013012c158 0000000000000000
0x000000030a044a60:   0000000787ee3100 000000013012c040
0x000000030a044a70:   0000000000000000 000000030a044a90
0x000000030a044a80:   000000030a044ae8 000000011a129be7
0x000000030a044a90:   0000000000000000 0000000000000006
0x000000030a044aa0:   000000030a044aa0 000000013012dc8f
0x000000030a044ab0:   000000030a044af8 000000013012c158
0x000000030a044ac0:   0000000000000000 0000000787ee3100
0x000000030a044ad0:   000000013012dcb0 000000030a044a90
0x000000030a044ae0:   000000030a044af8 000000030a044b60
0x000000030a044af0:   000000011a120847 0000000787ee36d8
0x000000030a044b00:   0000000300001fa0 000000030a044ce0
0x000000030a044b10:   000000030a044e98 000000013012dcb0
0x000000030a044b20:   00007fe44f00f000 0000000000000001
0x000000030a044b30:   000000030a044bc0 000000030a044ea0
0x000000030a044b40:   000000030000000a 000000013012dcb0
0x000000030a044b50:   000000011a12ddc0 000000030a044ce8
0x000000030a044b60:   000000030a044c50 000000010fbb1880
0x000000030a044b70:   0000000000000001 00007fe44f00f000
0x000000030a044b80:   0000000000000000 00007fe44f00f000
0x000000030a044b90:   00007fe45ec07d30 00007fe45ec081a0
0x000000030a044ba0:   00007fe45ec081b0 00007fe45ec08288
0x000000030a044bb0:   00000000000000d8 00007fe45ec07d90
0x000000030a044bc0:   00007fe44f00f000 00007fe45ec08e80
0x000000030a044bd0:   000000013012dcb0 0000000000000000
0x000000030a044be0:   0000000000000000 0000000000000000
0x000000030a044bf0:   0000000000000000 000000030a044e98
0x000000030a044c00:   000000011a1207bf 000000011a12ddc0
0x000000030a044c10:   0000000a0a044c30 000000030a044ea0
0x000000030a044c20:   000000030a044c50 00007fe44f00f000 

Instructions: (pc=0x000000011a134188)
0x000000011a134088:   b0 1f ff 0f 01 00 00 00 6a 00 00 00 00 00 00 00
0x000000011a134098:   00 00 00 00 00 00 00 00 f3 0f 10 04 24 48 83 c4
0x000000011a1340a8:   08 f3 0f 59 04 24 48 83 c4 08 41 0f b6 5d 01 49
0x000000011a1340b8:   ff c5 49 ba 20 62 1d 10 01 00 00 00 41 ff 24 da
0x000000011a1340c8:   00 00 00 00 00 00 00 00 00 00 00 00 00 00 00 00
0x000000011a1340d8:   00 00 00 00 00 00 00 00 60 00 00 00 00 00 00 00
0x000000011a1340e8:   b5 1f ff 0f 01 00 00 00 6b 00 00 00 00 00 00 00
0x000000011a1340f8:   00 00 00 00 00 00 00 00 f2 0f 10 04 24 48 83 c4
0x000000011a134108:   10 f2 0f 59 04 24 48 83 c4 10 41 0f b6 5d 01 49
0x000000011a134118:   ff c5 49 ba 20 6a 1d 10 01 00 00 00 41 ff 24 da
0x000000011a134128:   00 00 00 00 00 00 00 00 00 00 00 00 00 00 00 00
0x000000011a134138:   00 00 00 00 00 00 00 00 60 00 00 00 00 00 00 00
0x000000011a134148:   ba 1f ff 0f 01 00 00 00 6c 00 00 00 00 00 00 00
0x000000011a134158:   00 00 00 00 00 00 00 00 8b 04 24 48 83 c4 08 8b
0x000000011a134168:   c8 8b 04 24 48 83 c4 08 81 f8 00 00 00 80 0f 85
0x000000011a134178:   0b 00 00 00 33 d2 83 f9 ff 0f 84 03 00 00 00 99
0x000000011a134188:   f7 f9 41 0f b6 5d 01 49 ff c5 49 ba 20 52 1d 10
0x000000011a134198:   01 00 00 00 41 ff 24 da 80 00 00 00 00 00 00 00
0x000000011a1341a8:   bf 1f ff 0f 01 00 00 00 6d 00 00 00 00 00 00 00
0x000000011a1341b8:   00 00 00 00 00 00 00 00 48 8b 04 24 48 83 c4 10
0x000000011a1341c8:   48 8b c8 48 8b 04 24 48 83 c4 10 48 85 c9 0f 84
0x000000011a1341d8:   d3 98 ff ff 48 3b 05 5d a9 f3 f5 0f 85 0c 00 00
0x000000011a1341e8:   00 33 d2 48 83 f9 ff 0f 84 05 00 00 00 48 99 48
0x000000011a1341f8:   f7 f9 41 0f b6 5d 01 49 ff c5 49 ba 20 5a 1d 10
0x000000011a134208:   01 00 00 00 41 ff 24 da 00 00 00 00 00 00 00 00
0x000000011a134218:   00 00 00 00 00 00 00 00 60 00 00 00 00 00 00 00
0x000000011a134228:   c4 1f ff 0f 01 00 00 00 6e 00 00 00 00 00 00 00
0x000000011a134238:   00 00 00 00 00 00 00 00 f3 0f 10 04 24 48 83 c4
0x000000011a134248:   08 0f 28 c8 f3 0f 10 04 24 48 83 c4 08 f3 0f 5e
0x000000011a134258:   c1 41 0f b6 5d 01 49 ff c5 49 ba 20 62 1d 10 01
0x000000011a134268:   00 00 00 41 ff 24 da 90 00 00 00 00 00 00 00 00
0x000000011a134278:   00 00 00 00 00 00 00 00 60 00 00 00 00 00 00 00 


Stack slot to memory mapping:
stack at sp + 0 slots: 0x0000000787f103d0 is an oop: java.io.PrintStream 
{0x0000000787f103d0} - klass: 'java/io/PrintStream'
stack at sp + 1 slots: 0x000000030a044a38 is pointing into the stack for thread: 0x00007fe44f00f000
stack at sp + 2 slots: 0x000000013012df80 is pointing into metadata
stack at sp + 3 slots: 0x000000030a044a98 is pointing into the stack for thread: 0x00007fe44f00f000
stack at sp + 4 slots: 0x000000013012c158 is pointing into metadata
stack at sp + 5 slots: 0x0 is NULL
stack at sp + 6 slots: 0x0000000787ee3100 is an oop: java.lang.Class 
{0x0000000787ee3100} - klass: 'java/lang/Class'
stack at sp + 7 slots: {method} {0x000000013012c040} 'division' '(II)V' in 'MethodsExercises'

idiv  108 idiv  [0x000000011a134160, 0x000000011a1341a0]  64 bytes

---------------  P R O C E S S  ---------------

Threads class SMR info:
_java_thread_list=0x00007fe46ec43b70, length=10, elements={
0x00007fe44f00f000, 0x00007fe46f01a000, 0x00007fe46f015800, 0x00007fe45f010000,
0x00007fe46f01b000, 0x00007fe46f01c000, 0x00007fe46f016800, 0x00007fe44f12b000,
0x00007fe46f0b7800, 0x00007fe46f0ba800
}

Java Threads: ( => current thread )
=>0x00007fe44f00f000 JavaThread "main" [_thread_in_Java, id=8195, stack(0x0000000309f45000,0x000000030a045000)]
  0x00007fe46f01a000 JavaThread "Reference Handler" daemon [_thread_blocked, id=14595, stack(0x000000030a65a000,0x000000030a75a000)]
  0x00007fe46f015800 JavaThread "Finalizer" daemon [_thread_blocked, id=14851, stack(0x000000030a75d000,0x000000030a85d000)]
  0x00007fe45f010000 JavaThread "Signal Dispatcher" daemon [_thread_blocked, id=24579, stack(0x000000030a96f000,0x000000030aa6f000)]
  0x00007fe46f01b000 JavaThread "C2 CompilerThread0" daemon [_thread_blocked, id=40963, stack(0x000000030aa72000,0x000000030ab72000)]
  0x00007fe46f01c000 JavaThread "C1 CompilerThread0" daemon [_thread_blocked, id=25091, stack(0x000000030ab75000,0x000000030ac75000)]
  0x00007fe46f016800 JavaThread "Sweeper thread" daemon [_thread_blocked, id=25603, stack(0x000000030ac78000,0x000000030ad78000)]
  0x00007fe44f12b000 JavaThread "Common-Cleaner" daemon [_thread_blocked, id=26883, stack(0x000000030ad7b000,0x000000030ae7b000)]
  0x00007fe46f0b7800 JavaThread "Monitor Ctrl-Break" daemon [_thread_in_vm, id=27651, stack(0x000000030ae7e000,0x000000030af7e000)]
  0x00007fe46f0ba800 JavaThread "Service Thread" daemon [_thread_blocked, id=38659, stack(0x000000030af81000,0x000000030b081000)]

Other Threads:
  0x00007fe44f0fa800 VMThread "VM Thread" [stack: 0x000000030a557000,0x000000030a657000] [id=16643]
  0x00007fe4700ab000 WatcherThread [stack: 0x000000030b084000,0x000000030b184000] [id=37911]
  0x00007fe44f012800 GCTaskThread "GC Thread#0" [stack: 0x000000030a048000,0x000000030a148000] [id=12803]
  0x00007fe44f041000 ConcurrentGCThread "G1 Main Marker" [stack: 0x000000030a14b000,0x000000030a24b000] [id=18947]
  0x00007fe44f041800 ConcurrentGCThread "G1 Conc#0" [stack: 0x000000030a24e000,0x000000030a34e000] [id=13059]
  0x00007fe44f0a2800 ConcurrentGCThread "G1 Refine#0" [stack: 0x000000030a351000,0x000000030a451000] [id=17923]
  0x00007fe44f0a3000 ConcurrentGCThread "G1 Young RemSet Sampling" [stack: 0x000000030a454000,0x000000030a554000] [id=17411]

Threads with active compile tasks:

VM state:not at safepoint (normal execution)

VM Mutex/Monitor currently owned by a thread: None

Heap address: 0x0000000780000000, size: 2048 MB, Compressed Oops mode: Zero based, Oop shift amount: 3
Narrow klass base: 0x0000000800000000, Narrow klass shift: 0
Compressed class space size: 1073741824 Address: 0x0000000800000000

Heap:
 garbage-first heap   total 131072K, used 2048K [0x0000000780000000, 0x0000000800000000)
  region size 1024K, 3 young (3072K), 0 survivors (0K)
 Metaspace       used 6349K, capacity 6386K, committed 6528K, reserved 1056768K
  class space    used 556K, capacity 571K, committed 640K, reserved 1048576K
Heap Regions: E=young(eden), S=young(survivor), O=old, HS=humongous(starts), HC=humongous(continues), CS=collection set, F=free, A=archive, TAMS=top-at-mark-start (previous, next)
|   0|0x0000000780000000, 0x0000000780000000, 0x0000000780100000|  0%| F|  |TAMS 0x0000000780000000, 0x0000000780000000| Untracked 
|   1|0x0000000780100000, 0x0000000780100000, 0x0000000780200000|  0%| F|  |TAMS 0x0000000780100000, 0x0000000780100000| Untracked 
|   2|0x0000000780200000, 0x0000000780200000, 0x0000000780300000|  0%| F|  |TAMS 0x0000000780200000, 0x0000000780200000| Untracked 
|   3|0x0000000780300000, 0x0000000780300000, 0x0000000780400000|  0%| F|  |TAMS 0x0000000780300000, 0x0000000780300000| Untracked 
|   4|0x0000000780400000, 0x0000000780400000, 0x0000000780500000|  0%| F|  |TAMS 0x0000000780400000, 0x0000000780400000| Untracked 
|   5|0x0000000780500000, 0x0000000780500000, 0x0000000780600000|  0%| F|  |TAMS 0x0000000780500000, 0x0000000780500000| Untracked 
|   6|0x0000000780600000, 0x0000000780600000, 0x0000000780700000|  0%| F|  |TAMS 0x0000000780600000, 0x0000000780600000| Untracked 
|   7|0x0000000780700000, 0x0000000780700000, 0x0000000780800000|  0%| F|  |TAMS 0x0000000780700000, 0x0000000780700000| Untracked 
|   8|0x0000000780800000, 0x0000000780800000, 0x0000000780900000|  0%| F|  |TAMS 0x0000000780800000, 0x0000000780800000| Untracked 
|   9|0x0000000780900000, 0x0000000780900000, 0x0000000780a00000|  0%| F|  |TAMS 0x0000000780900000, 0x0000000780900000| Untracked 
|  10|0x0000000780a00000, 0x0000000780a00000, 0x0000000780b00000|  0%| F|  |TAMS 0x0000000780a00000, 0x0000000780a00000| Untracked 
|  11|0x0000000780b00000, 0x0000000780b00000, 0x0000000780c00000|  0%| F|  |TAMS 0x0000000780b00000, 0x0000000780b00000| Untracked 
|  12|0x0000000780c00000, 0x0000000780c00000, 0x0000000780d00000|  0%| F|  |TAMS 0x0000000780c00000, 0x0000000780c00000| Untracked 
|  13|0x0000000780d00000, 0x0000000780d00000, 0x0000000780e00000|  0%| F|  |TAMS 0x0000000780d00000, 0x0000000780d00000| Untracked 
|  14|0x0000000780e00000, 0x0000000780e00000, 0x0000000780f00000|  0%| F|  |TAMS 0x0000000780e00000, 0x0000000780e00000| Untracked 
|  15|0x0000000780f00000, 0x0000000780f00000, 0x0000000781000000|  0%| F|  |TAMS 0x0000000780f00000, 0x0000000780f00000| Untracked 
|  16|0x0000000781000000, 0x0000000781000000, 0x0000000781100000|  0%| F|  |TAMS 0x0000000781000000, 0x0000000781000000| Untracked 
|  17|0x0000000781100000, 0x0000000781100000, 0x0000000781200000|  0%| F|  |TAMS 0x0000000781100000, 0x0000000781100000| Untracked 
|  18|0x0000000781200000, 0x0000000781200000, 0x0000000781300000|  0%| F|  |TAMS 0x0000000781200000, 0x0000000781200000| Untracked 
|  19|0x0000000781300000, 0x0000000781300000, 0x0000000781400000|  0%| F|  |TAMS 0x0000000781300000, 0x0000000781300000| Untracked 
|  20|0x0000000781400000, 0x0000000781400000, 0x0000000781500000|  0%| F|  |TAMS 0x0000000781400000, 0x0000000781400000| Untracked 
|  21|0x0000000781500000, 0x0000000781500000, 0x0000000781600000|  0%| F|  |TAMS 0x0000000781500000, 0x0000000781500000| Untracked 
|  22|0x0000000781600000, 0x0000000781600000, 0x0000000781700000|  0%| F|  |TAMS 0x0000000781600000, 0x0000000781600000| Untracked 
|  23|0x0000000781700000, 0x0000000781700000, 0x0000000781800000|  0%| F|  |TAMS 0x0000000781700000, 0x0000000781700000| Untracked 
|  24|0x0000000781800000, 0x0000000781800000, 0x0000000781900000|  0%| F|  |TAMS 0x0000000781800000, 0x0000000781800000| Untracked 
|  25|0x0000000781900000, 0x0000000781900000, 0x0000000781a00000|  0%| F|  |TAMS 0x0000000781900000, 0x0000000781900000| Untracked 
|  26|0x0000000781a00000, 0x0000000781a00000, 0x0000000781b00000|  0%| F|  |TAMS 0x0000000781a00000, 0x0000000781a00000| Untracked 
|  27|0x0000000781b00000, 0x0000000781b00000, 0x0000000781c00000|  0%| F|  |TAMS 0x0000000781b00000, 0x0000000781b00000| Untracked 
|  28|0x0000000781c00000, 0x0000000781c00000, 0x0000000781d00000|  0%| F|  |TAMS 0x0000000781c00000, 0x0000000781c00000| Untracked 
|  29|0x0000000781d00000, 0x0000000781d00000, 0x0000000781e00000|  0%| F|  |TAMS 0x0000000781d00000, 0x0000000781d00000| Untracked 
|  30|0x0000000781e00000, 0x0000000781e00000, 0x0000000781f00000|  0%| F|  |TAMS 0x0000000781e00000, 0x0000000781e00000| Untracked 
|  31|0x0000000781f00000, 0x0000000781f00000, 0x0000000782000000|  0%| F|  |TAMS 0x0000000781f00000, 0x0000000781f00000| Untracked 
|  32|0x0000000782000000, 0x0000000782000000, 0x0000000782100000|  0%| F|  |TAMS 0x0000000782000000, 0x0000000782000000| Untracked 
|  33|0x0000000782100000, 0x0000000782100000, 0x0000000782200000|  0%| F|  |TAMS 0x0000000782100000, 0x0000000782100000| Untracked 
|  34|0x0000000782200000, 0x0000000782200000, 0x0000000782300000|  0%| F|  |TAMS 0x0000000782200000, 0x0000000782200000| Untracked 
|  35|0x0000000782300000, 0x0000000782300000, 0x0000000782400000|  0%| F|  |TAMS 0x0000000782300000, 0x0000000782300000| Untracked 
|  36|0x0000000782400000, 0x0000000782400000, 0x0000000782500000|  0%| F|  |TAMS 0x0000000782400000, 0x0000000782400000| Untracked 
|  37|0x0000000782500000, 0x0000000782500000, 0x0000000782600000|  0%| F|  |TAMS 0x0000000782500000, 0x0000000782500000| Untracked 
|  38|0x0000000782600000, 0x0000000782600000, 0x0000000782700000|  0%| F|  |TAMS 0x0000000782600000, 0x0000000782600000| Untracked 
|  39|0x0000000782700000, 0x0000000782700000, 0x0000000782800000|  0%| F|  |TAMS 0x0000000782700000, 0x0000000782700000| Untracked 
|  40|0x0000000782800000, 0x0000000782800000, 0x0000000782900000|  0%| F|  |TAMS 0x0000000782800000, 0x0000000782800000| Untracked 
|  41|0x0000000782900000, 0x0000000782900000, 0x0000000782a00000|  0%| F|  |TAMS 0x0000000782900000, 0x0000000782900000| Untracked 
|  42|0x0000000782a00000, 0x0000000782a00000, 0x0000000782b00000|  0%| F|  |TAMS 0x0000000782a00000, 0x0000000782a00000| Untracked 
|  43|0x0000000782b00000, 0x0000000782b00000, 0x0000000782c00000|  0%| F|  |TAMS 0x0000000782b00000, 0x0000000782b00000| Untracked 
|  44|0x0000000782c00000, 0x0000000782c00000, 0x0000000782d00000|  0%| F|  |TAMS 0x0000000782c00000, 0x0000000782c00000| Untracked 
|  45|0x0000000782d00000, 0x0000000782d00000, 0x0000000782e00000|  0%| F|  |TAMS 0x0000000782d00000, 0x0000000782d00000| Untracked 
|  46|0x0000000782e00000, 0x0000000782e00000, 0x0000000782f00000|  0%| F|  |TAMS 0x0000000782e00000, 0x0000000782e00000| Untracked 
|  47|0x0000000782f00000, 0x0000000782f00000, 0x0000000783000000|  0%| F|  |TAMS 0x0000000782f00000, 0x0000000782f00000| Untracked 
|  48|0x0000000783000000, 0x0000000783000000, 0x0000000783100000|  0%| F|  |TAMS 0x0000000783000000, 0x0000000783000000| Untracked 
|  49|0x0000000783100000, 0x0000000783100000, 0x0000000783200000|  0%| F|  |TAMS 0x0000000783100000, 0x0000000783100000| Untracked 
|  50|0x0000000783200000, 0x0000000783200000, 0x0000000783300000|  0%| F|  |TAMS 0x0000000783200000, 0x0000000783200000| Untracked 
|  51|0x0000000783300000, 0x0000000783300000, 0x0000000783400000|  0%| F|  |TAMS 0x0000000783300000, 0x0000000783300000| Untracked 
|  52|0x0000000783400000, 0x0000000783400000, 0x0000000783500000|  0%| F|  |TAMS 0x0000000783400000, 0x0000000783400000| Untracked 
|  53|0x0000000783500000, 0x0000000783500000, 0x0000000783600000|  0%| F|  |TAMS 0x0000000783500000, 0x0000000783500000| Untracked 
|  54|0x0000000783600000, 0x0000000783600000, 0x0000000783700000|  0%| F|  |TAMS 0x0000000783600000, 0x0000000783600000| Untracked 
|  55|0x0000000783700000, 0x0000000783700000, 0x0000000783800000|  0%| F|  |TAMS 0x0000000783700000, 0x0000000783700000| Untracked 
|  56|0x0000000783800000, 0x0000000783800000, 0x0000000783900000|  0%| F|  |TAMS 0x0000000783800000, 0x0000000783800000| Untracked 
|  57|0x0000000783900000, 0x0000000783900000, 0x0000000783a00000|  0%| F|  |TAMS 0x0000000783900000, 0x0000000783900000| Untracked 
|  58|0x0000000783a00000, 0x0000000783a00000, 0x0000000783b00000|  0%| F|  |TAMS 0x0000000783a00000, 0x0000000783a00000| Untracked 
|  59|0x0000000783b00000, 0x0000000783b00000, 0x0000000783c00000|  0%| F|  |TAMS 0x0000000783b00000, 0x0000000783b00000| Untracked 
|  60|0x0000000783c00000, 0x0000000783c00000, 0x0000000783d00000|  0%| F|  |TAMS 0x0000000783c00000, 0x0000000783c00000| Untracked 
|  61|0x0000000783d00000, 0x0000000783d00000, 0x0000000783e00000|  0%| F|  |TAMS 0x0000000783d00000, 0x0000000783d00000| Untracked 
|  62|0x0000000783e00000, 0x0000000783e00000, 0x0000000783f00000|  0%| F|  |TAMS 0x0000000783e00000, 0x0000000783e00000| Untracked 
|  63|0x0000000783f00000, 0x0000000783f00000, 0x0000000784000000|  0%| F|  |TAMS 0x0000000783f00000, 0x0000000783f00000| Untracked 
|  64|0x0000000784000000, 0x0000000784000000, 0x0000000784100000|  0%| F|  |TAMS 0x0000000784000000, 0x0000000784000000| Untracked 
|  65|0x0000000784100000, 0x0000000784100000, 0x0000000784200000|  0%| F|  |TAMS 0x0000000784100000, 0x0000000784100000| Untracked 
|  66|0x0000000784200000, 0x0000000784200000, 0x0000000784300000|  0%| F|  |TAMS 0x0000000784200000, 0x0000000784200000| Untracked 
|  67|0x0000000784300000, 0x0000000784300000, 0x0000000784400000|  0%| F|  |TAMS 0x0000000784300000, 0x0000000784300000| Untracked 
|  68|0x0000000784400000, 0x0000000784400000, 0x0000000784500000|  0%| F|  |TAMS 0x0000000784400000, 0x0000000784400000| Untracked 
|  69|0x0000000784500000, 0x0000000784500000, 0x0000000784600000|  0%| F|  |TAMS 0x0000000784500000, 0x0000000784500000| Untracked 
|  70|0x0000000784600000, 0x0000000784600000, 0x0000000784700000|  0%| F|  |TAMS 0x0000000784600000, 0x0000000784600000| Untracked 
|  71|0x0000000784700000, 0x0000000784700000, 0x0000000784800000|  0%| F|  |TAMS 0x0000000784700000, 0x0000000784700000| Untracked 
|  72|0x0000000784800000, 0x0000000784800000, 0x0000000784900000|  0%| F|  |TAMS 0x0000000784800000, 0x0000000784800000| Untracked 
|  73|0x0000000784900000, 0x0000000784900000, 0x0000000784a00000|  0%| F|  |TAMS 0x0000000784900000, 0x0000000784900000| Untracked 
|  74|0x0000000784a00000, 0x0000000784a00000, 0x0000000784b00000|  0%| F|  |TAMS 0x0000000784a00000, 0x0000000784a00000| Untracked 
|  75|0x0000000784b00000, 0x0000000784b00000, 0x0000000784c00000|  0%| F|  |TAMS 0x0000000784b00000, 0x0000000784b00000| Untracked 
|  76|0x0000000784c00000, 0x0000000784c00000, 0x0000000784d00000|  0%| F|  |TAMS 0x0000000784c00000, 0x0000000784c00000| Untracked 
|  77|0x0000000784d00000, 0x0000000784d00000, 0x0000000784e00000|  0%| F|  |TAMS 0x0000000784d00000, 0x0000000784d00000| Untracked 
|  78|0x0000000784e00000, 0x0000000784e00000, 0x0000000784f00000|  0%| F|  |TAMS 0x0000000784e00000, 0x0000000784e00000| Untracked 
|  79|0x0000000784f00000, 0x0000000784f00000, 0x0000000785000000|  0%| F|  |TAMS 0x0000000784f00000, 0x0000000784f00000| Untracked 
|  80|0x0000000785000000, 0x0000000785000000, 0x0000000785100000|  0%| F|  |TAMS 0x0000000785000000, 0x0000000785000000| Untracked 
|  81|0x0000000785100000, 0x0000000785100000, 0x0000000785200000|  0%| F|  |TAMS 0x0000000785100000, 0x0000000785100000| Untracked 
|  82|0x0000000785200000, 0x0000000785200000, 0x0000000785300000|  0%| F|  |TAMS 0x0000000785200000, 0x0000000785200000| Untracked 
|  83|0x0000000785300000, 0x0000000785300000, 0x0000000785400000|  0%| F|  |TAMS 0x0000000785300000, 0x0000000785300000| Untracked 
|  84|0x0000000785400000, 0x0000000785400000, 0x0000000785500000|  0%| F|  |TAMS 0x0000000785400000, 0x0000000785400000| Untracked 
|  85|0x0000000785500000, 0x0000000785500000, 0x0000000785600000|  0%| F|  |TAMS 0x0000000785500000, 0x0000000785500000| Untracked 
|  86|0x0000000785600000, 0x0000000785600000, 0x0000000785700000|  0%| F|  |TAMS 0x0000000785600000, 0x0000000785600000| Untracked 
|  87|0x0000000785700000, 0x0000000785700000, 0x0000000785800000|  0%| F|  |TAMS 0x0000000785700000, 0x0000000785700000| Untracked 
|  88|0x0000000785800000, 0x0000000785800000, 0x0000000785900000|  0%| F|  |TAMS 0x0000000785800000, 0x0000000785800000| Untracked 
|  89|0x0000000785900000, 0x0000000785900000, 0x0000000785a00000|  0%| F|  |TAMS 0x0000000785900000, 0x0000000785900000| Untracked 
|  90|0x0000000785a00000, 0x0000000785a00000, 0x0000000785b00000|  0%| F|  |TAMS 0x0000000785a00000, 0x0000000785a00000| Untracked 
|  91|0x0000000785b00000, 0x0000000785b00000, 0x0000000785c00000|  0%| F|  |TAMS 0x0000000785b00000, 0x0000000785b00000| Untracked 
|  92|0x0000000785c00000, 0x0000000785c00000, 0x0000000785d00000|  0%| F|  |TAMS 0x0000000785c00000, 0x0000000785c00000| Untracked 
|  93|0x0000000785d00000, 0x0000000785d00000, 0x0000000785e00000|  0%| F|  |TAMS 0x0000000785d00000, 0x0000000785d00000| Untracked 
|  94|0x0000000785e00000, 0x0000000785e00000, 0x0000000785f00000|  0%| F|  |TAMS 0x0000000785e00000, 0x0000000785e00000| Untracked 
|  95|0x0000000785f00000, 0x0000000785f00000, 0x0000000786000000|  0%| F|  |TAMS 0x0000000785f00000, 0x0000000785f00000| Untracked 
|  96|0x0000000786000000, 0x0000000786000000, 0x0000000786100000|  0%| F|  |TAMS 0x0000000786000000, 0x0000000786000000| Untracked 
|  97|0x0000000786100000, 0x0000000786100000, 0x0000000786200000|  0%| F|  |TAMS 0x0000000786100000, 0x0000000786100000| Untracked 
|  98|0x0000000786200000, 0x0000000786200000, 0x0000000786300000|  0%| F|  |TAMS 0x0000000786200000, 0x0000000786200000| Untracked 
|  99|0x0000000786300000, 0x0000000786300000, 0x0000000786400000|  0%| F|  |TAMS 0x0000000786300000, 0x0000000786300000| Untracked 
| 100|0x0000000786400000, 0x0000000786400000, 0x0000000786500000|  0%| F|  |TAMS 0x0000000786400000, 0x0000000786400000| Untracked 
| 101|0x0000000786500000, 0x0000000786500000, 0x0000000786600000|  0%| F|  |TAMS 0x0000000786500000, 0x0000000786500000| Untracked 
| 102|0x0000000786600000, 0x0000000786600000, 0x0000000786700000|  0%| F|  |TAMS 0x0000000786600000, 0x0000000786600000| Untracked 
| 103|0x0000000786700000, 0x0000000786700000, 0x0000000786800000|  0%| F|  |TAMS 0x0000000786700000, 0x0000000786700000| Untracked 
| 104|0x0000000786800000, 0x0000000786800000, 0x0000000786900000|  0%| F|  |TAMS 0x0000000786800000, 0x0000000786800000| Untracked 
| 105|0x0000000786900000, 0x0000000786900000, 0x0000000786a00000|  0%| F|  |TAMS 0x0000000786900000, 0x0000000786900000| Untracked 
| 106|0x0000000786a00000, 0x0000000786a00000, 0x0000000786b00000|  0%| F|  |TAMS 0x0000000786a00000, 0x0000000786a00000| Untracked 
| 107|0x0000000786b00000, 0x0000000786b00000, 0x0000000786c00000|  0%| F|  |TAMS 0x0000000786b00000, 0x0000000786b00000| Untracked 
| 108|0x0000000786c00000, 0x0000000786c00000, 0x0000000786d00000|  0%| F|  |TAMS 0x0000000786c00000, 0x0000000786c00000| Untracked 
| 109|0x0000000786d00000, 0x0000000786d00000, 0x0000000786e00000|  0%| F|  |TAMS 0x0000000786d00000, 0x0000000786d00000| Untracked 
| 110|0x0000000786e00000, 0x0000000786e00000, 0x0000000786f00000|  0%| F|  |TAMS 0x0000000786e00000, 0x0000000786e00000| Untracked 
| 111|0x0000000786f00000, 0x0000000786f00000, 0x0000000787000000|  0%| F|  |TAMS 0x0000000786f00000, 0x0000000786f00000| Untracked 
| 112|0x0000000787000000, 0x0000000787000000, 0x0000000787100000|  0%| F|  |TAMS 0x0000000787000000, 0x0000000787000000| Untracked 
| 113|0x0000000787100000, 0x0000000787100000, 0x0000000787200000|  0%| F|  |TAMS 0x0000000787100000, 0x0000000787100000| Untracked 
| 114|0x0000000787200000, 0x0000000787200000, 0x0000000787300000|  0%| F|  |TAMS 0x0000000787200000, 0x0000000787200000| Untracked 
| 115|0x0000000787300000, 0x0000000787300000, 0x0000000787400000|  0%| F|  |TAMS 0x0000000787300000, 0x0000000787300000| Untracked 
| 116|0x0000000787400000, 0x0000000787400000, 0x0000000787500000|  0%| F|  |TAMS 0x0000000787400000, 0x0000000787400000| Untracked 
| 117|0x0000000787500000, 0x0000000787500000, 0x0000000787600000|  0%| F|  |TAMS 0x0000000787500000, 0x0000000787500000| Untracked 
| 118|0x0000000787600000, 0x0000000787600000, 0x0000000787700000|  0%| F|  |TAMS 0x0000000787600000, 0x0000000787600000| Untracked 
| 119|0x0000000787700000, 0x0000000787700000, 0x0000000787800000|  0%| F|  |TAMS 0x0000000787700000, 0x0000000787700000| Untracked 
| 120|0x0000000787800000, 0x0000000787800000, 0x0000000787900000|  0%| F|  |TAMS 0x0000000787800000, 0x0000000787800000| Untracked 
| 121|0x0000000787900000, 0x0000000787900000, 0x0000000787a00000|  0%| F|  |TAMS 0x0000000787900000, 0x0000000787900000| Untracked 
| 122|0x0000000787a00000, 0x0000000787a00000, 0x0000000787b00000|  0%| F|  |TAMS 0x0000000787a00000, 0x0000000787a00000| Untracked 
| 123|0x0000000787b00000, 0x0000000787b00000, 0x0000000787c00000|  0%| F|  |TAMS 0x0000000787b00000, 0x0000000787b00000| Untracked 
| 124|0x0000000787c00000, 0x0000000787c00000, 0x0000000787d00000|  0%| F|  |TAMS 0x0000000787c00000, 0x0000000787c00000| Untracked 
| 125|0x0000000787d00000, 0x0000000787d7b648, 0x0000000787e00000| 48%| E|  |TAMS 0x0000000787d00000, 0x0000000787d00000| Complete 
| 126|0x0000000787e00000, 0x0000000787f00000, 0x0000000787f00000|100%| E|CS|TAMS 0x0000000787e00000, 0x0000000787e00000| Complete 
| 127|0x0000000787f00000, 0x0000000788000000, 0x0000000788000000|100%| E|CS|TAMS 0x0000000787f00000, 0x0000000787f00000| Complete 

Card table byte_map: [0x0000000129520000,0x0000000129920000] _byte_map_base: 0x0000000125920000

Marking Bits (Prev, Next): (CMBitMap*) 0x00007fe44f038418, (CMBitMap*) 0x00007fe44f038450
 Prev Bits: [0x0000000129d20000, 0x000000012bd20000)
 Next Bits: [0x000000012bd20000, 0x000000012dd20000)

Polling page: 0x0000000102e8f000

Metaspace:

Usage:
  Non-class:      5.68 MB capacity,     5.66 MB (>99%) used,    12.51 KB ( <1%) free+waste,     3.62 KB ( <1%) overhead. 
      Class:    571.00 KB capacity,   558.89 KB ( 98%) used,    10.42 KB (  2%) free+waste,     1.69 KB ( <1%) overhead. 
       Both:      6.24 MB capacity,     6.21 MB (>99%) used,    22.93 KB ( <1%) free+waste,     5.31 KB ( <1%) overhead. 

Virtual space:
  Non-class space:        8.00 MB reserved,       5.75 MB ( 72%) committed 
      Class space:        1.00 GB reserved,     640.00 KB ( <1%) committed 
             Both:        1.01 GB reserved,       6.38 MB ( <1%) committed 

Chunk freelists:
   Non-Class:  9.00 KB
       Class:  5.00 KB
        Both:  14.00 KB

MaxMetaspaceSize: unlimited
CompressedClassSpaceSize: 1.00 GB

CodeHeap 'non-profiled nmethods': size=120032Kb used=57Kb max_used=57Kb free=119974Kb
 bounds [0x0000000121be8000, 0x0000000121e58000, 0x0000000129120000]
CodeHeap 'profiled nmethods': size=120028Kb used=222Kb max_used=222Kb free=119805Kb
 bounds [0x000000011a6b1000, 0x000000011a921000, 0x0000000121be8000]
CodeHeap 'non-nmethods': size=5700Kb used=1030Kb max_used=1030Kb free=4670Kb
 bounds [0x000000011a120000, 0x000000011a390000, 0x000000011a6b1000]
 total_blobs=523 nmethods=195 adapters=242
 compilation: enabled
              stopped_count=0, restarted_count=0
 full_count=0

Compilation events (20 events):
Event: 0.229 Thread 0x00007fe46f01c000  178       3       java.lang.ref.WeakReference::<init> (6 bytes)
Event: 0.229 Thread 0x00007fe46f01c000 nmethod 178 0x000000011a6e2a10 code [0x000000011a6e2be0, 0x000000011a6e2ef0]
Event: 0.229 Thread 0x00007fe46f01c000  179       3       java.lang.invoke.MethodType::<init> (15 bytes)
Event: 0.229 Thread 0x00007fe46f01c000 nmethod 179 0x000000011a6e3010 code [0x000000011a6e31c0, 0x000000011a6e33d0]
Event: 0.229 Thread 0x00007fe46f01c000  180       1       java.lang.invoke.MethodType::form (5 bytes)
Event: 0.229 Thread 0x00007fe46f01c000 nmethod 180 0x0000000121bf5a90 code [0x0000000121bf5c40, 0x0000000121bf5cf0]
Event: 0.230 Thread 0x00007fe46f01c000  181       3       java.util.zip.ZipUtils::SH (21 bytes)
Event: 0.230 Thread 0x00007fe46f01c000 nmethod 181 0x000000011a6e3490 code [0x000000011a6e3640, 0x000000011a6e3770]
Event: 0.237 Thread 0x00007fe46f01c000  182       3       java.lang.StringBuilder::append (8 bytes)
Event: 0.237 Thread 0x00007fe46f01c000 nmethod 182 0x000000011a6e3890 code [0x000000011a6e3a40, 0x000000011a6e3b80]
Event: 0.237 Thread 0x00007fe46f01c000  183       3       java.lang.AbstractStringBuilder::append (77 bytes)
Event: 0.238 Thread 0x00007fe46f01c000 nmethod 183 0x000000011a6e3c10 code [0x000000011a6e3e40, 0x000000011a6e44c0]
Event: 0.238 Thread 0x00007fe46f01c000  184       3       java.lang.String::substring (58 bytes)
Event: 0.238 Thread 0x00007fe46f01c000 nmethod 184 0x000000011a6e4710 code [0x000000011a6e4940, 0x000000011a6e4fe0]
Event: 0.238 Thread 0x00007fe46f01c000  185       3       java.lang.String::checkBoundsBeginEnd (60 bytes)
Event: 0.239 Thread 0x00007fe46f01c000 nmethod 185 0x000000011a6e5210 code [0x000000011a6e54e0, 0x000000011a6e6010]
Event: 0.241 Thread 0x00007fe46f01c000  186       3       java.lang.StringLatin1::lastIndexOf (40 bytes)
Event: 0.242 Thread 0x00007fe46f01c000 nmethod 186 0x000000011a6e6410 code [0x000000011a6e65e0, 0x000000011a6e6990]
Event: 0.243 Thread 0x00007fe46f01c000  187       3       java.lang.System::getSecurityManager (4 bytes)
Event: 0.243 Thread 0x00007fe46f01c000 nmethod 187 0x000000011a6e6b10 code [0x000000011a6e6cc0, 0x000000011a6e6db0]

GC Heap History (0 events):
No events

Deoptimization events (0 events):
No events

Classes redefined (0 events):
No events

Internal exceptions (0 events):
No events

Events (20 events):
Event: 0.250 loading class java/util/concurrent/ConcurrentSkipListMap
Event: 0.250 loading class java/util/concurrent/ConcurrentNavigableMap
Event: 0.250 loading class java/util/NavigableMap
Event: 0.250 loading class java/util/SortedMap
Event: 0.250 loading class java/util/SortedMap done
Event: 0.251 loading class java/util/NavigableMap done
Event: 0.251 loading class java/util/concurrent/ConcurrentNavigableMap done
Event: 0.251 loading class java/util/concurrent/ConcurrentSkipListMap done
Event: 0.251 loading class java/util/concurrent/ConcurrentSkipListMap$Index
Event: 0.251 loading class java/util/concurrent/ConcurrentSkipListMap$Index done
Event: 0.251 loading class java/lang/invoke/VarHandleObjects$FieldInstanceReadWrite
Event: 0.251 loading class java/lang/invoke/VarHandleObjects$FieldInstanceReadOnly
Event: 0.251 loading class java/lang/invoke/VarHandleObjects$FieldInstanceReadOnly done
Event: 0.251 loading class java/lang/invoke/VarHandleObjects$FieldInstanceReadWrite done
Event: 0.252 loading class java/util/concurrent/atomic/LongAdder
Event: 0.252 loading class java/util/concurrent/atomic/Striped64
Event: 0.253 loading class java/util/concurrent/atomic/Striped64 done
Event: 0.253 loading class java/util/concurrent/atomic/LongAdder done
Event: 0.253 loading class java/util/concurrent/ConcurrentSkipListMap$Node
Event: 0.253 loading class java/util/concurrent/ConcurrentSkipListMap$Node done


Dynamic libraries:
0x00007ffdffe6c000 	/Library/Apple/usr/libexec/oah/runtime
0x00007fff35326000 	/System/Library/Frameworks/Cocoa.framework/Versions/A/Cocoa
0x00007fff221e5000 	/System/Library/Frameworks/Security.framework/Versions/A/Security
0x00007fff33525000 	/System/Library/Frameworks/ApplicationServices.framework/Versions/A/ApplicationServices
0x00007fff2a688000 	/usr/lib/libz.1.dylib
0x000000010b133000 	/Library/Java/JavaVirtualMachines/adoptopenjdk-11.jdk/Contents/Home/lib/jli/libjli.dylib
0x00007fff2a754000 	/usr/lib/libSystem.B.dylib
0x00007fff22c0b000 	/System/Library/Frameworks/AppKit.framework/Versions/C/AppKit
0x00007fff25ac7000 	/System/Library/Frameworks/CoreData.framework/Versions/A/CoreData
0x00007fff2115a000 	/System/Library/Frameworks/Foundation.framework/Versions/C/Foundation
0x00007fff2396e000 	/System/Library/PrivateFrameworks/UIFoundation.framework/Versions/A/UIFoundation
0x00007fff2ff09000 	/System/Library/PrivateFrameworks/RemoteViewServices.framework/Versions/A/RemoteViewServices
0x00007fff28ca5000 	/System/Library/PrivateFrameworks/XCTTargetBootstrap.framework/Versions/A/XCTTargetBootstrap
0x00007fff2b9f1000 	/usr/lib/libspindump.dylib
0x00007fff23bc2000 	/System/Library/Frameworks/UniformTypeIdentifiers.framework/Versions/A/UniformTypeIdentifiers
0x00007fff2747c000 	/usr/lib/libapp_launch_measurement.dylib
0x00007fff2747f000 	/System/Library/PrivateFrameworks/CoreAutoLayout.framework/Versions/A/CoreAutoLayout
0x00007fff28607000 	/System/Library/Frameworks/Metal.framework/Versions/A/Metal
0x00007fff292fa000 	/usr/lib/liblangid.dylib
0x00007fff28ca9000 	/System/Library/PrivateFrameworks/CoreSVG.framework/Versions/A/CoreSVG
0x00007fff24ba9000 	/System/Library/PrivateFrameworks/SkyLight.framework/Versions/A/SkyLight
0x00007fff24f0f000 	/System/Library/Frameworks/CoreGraphics.framework/Versions/A/CoreGraphics
0x00007fff30560000 	/System/Library/Frameworks/Accelerate.framework/Versions/A/Accelerate
0x00007fff2b42c000 	/System/Library/PrivateFrameworks/IconServices.framework/Versions/A/IconServices
0x00007fff285ec000 	/System/Library/Frameworks/IOSurface.framework/Versions/A/IOSurface
0x00007fff26459000 	/usr/lib/libDiagnosticMessagesClient.dylib
0x00007fff28c91000 	/System/Library/PrivateFrameworks/DFRFoundation.framework/Versions/A/DFRFoundation
0x00007fff22537000 	/usr/lib/libicucore.A.dylib
0x00007fff2cf31000 	/System/Library/Frameworks/AudioToolbox.framework/Versions/A/AudioToolbox
0x00007fff2c1d7000 	/System/Library/PrivateFrameworks/DataDetectorsCore.framework/Versions/A/DataDetectorsCore
0x00007fff28991000 	/System/Library/Frameworks/Carbon.framework/Versions/A/Frameworks/HIToolbox.framework/Versions/A/HIToolbox
0x00007fff26ed4000 	/System/Library/Frameworks/QuartzCore.framework/Versions/A/QuartzCore
0x00007fff2ff45000 	/System/Library/Frameworks/Carbon.framework/Versions/A/Frameworks/SpeechRecognition.framework/Versions/A/SpeechRecognition
0x00007fff271e4000 	/System/Library/PrivateFrameworks/CoreUI.framework/Versions/A/CoreUI
0x00007fff21b41000 	/System/Library/Frameworks/CoreAudio.framework/Versions/A/CoreAudio
0x00007fff26544000 	/System/Library/Frameworks/DiskArbitration.framework/Versions/A/DiskArbitration
0x00007fff2bdeb000 	/System/Library/PrivateFrameworks/MultitouchSupport.framework/Versions/A/MultitouchSupport
0x00007fff2c1ce000 	/System/Library/PrivateFrameworks/InternationalSupport.framework/Versions/A/InternationalSupport
0x00007fff24b1d000 	/usr/lib/libenergytrace.dylib
0x00007fff22b05000 	/System/Library/Frameworks/IOKit.framework/Versions/A/IOKit
0x00007fff30292000 	/System/Library/Frameworks/CoreServices.framework/Versions/A/CoreServices
0x00007fff27412000 	/System/Library/PrivateFrameworks/PerformanceAnalysis.framework/Versions/A/PerformanceAnalysis
0x00007fff6cb9b000 	/System/Library/Frameworks/OpenGL.framework/Versions/A/OpenGL
0x00007fff2c253000 	/System/Library/PrivateFrameworks/UserActivity.framework/Versions/A/UserActivity
0x00007fff20297000 	/usr/lib/libobjc.A.dylib
0x00007fff255c9000 	/System/Library/Frameworks/ColorSync.framework/Versions/A/ColorSync
0x00007fff20478000 	/System/Library/Frameworks/CoreFoundation.framework/Versions/A/CoreFoundation
0x00007fff28f11000 	/System/Library/Frameworks/CoreImage.framework/Versions/A/CoreImage
0x00007fff21958000 	/System/Library/Frameworks/CoreText.framework/Versions/A/CoreText
0x00007fff28cd3000 	/System/Library/Frameworks/ImageIO.framework/Versions/A/ImageIO
0x00007fff2a75a000 	/System/Library/PrivateFrameworks/SoftLinking.framework/Versions/A/SoftLinking
0x00007fff274c8000 	/usr/lib/libxml2.2.dylib
0x00007fff2035d000 	/usr/lib/libc++.1.dylib
0x00007fff2a9cc000 	/usr/lib/libcompression.dylib
0x00007fff24b1e000 	/usr/lib/libMobileGestalt.dylib
0x00007fff2c101000 	/System/Library/PrivateFrameworks/TextureIO.framework/Versions/A/TextureIO
0x00007fff2b0b9000 	/usr/lib/libate.dylib
0x00007fff2a74e000 	/usr/lib/system/libcache.dylib
0x00007fff2a70a000 	/usr/lib/system/libcommonCrypto.dylib
0x00007fff2a734000 	/usr/lib/system/libcompiler_rt.dylib
0x00007fff2a729000 	/usr/lib/system/libcopyfile.dylib
0x00007fff20186000 	/usr/lib/system/libcorecrypto.dylib
0x00007fff20252000 	/usr/lib/system/libdispatch.dylib
0x00007fff20407000 	/usr/lib/system/libdyld.dylib
0x00007fff2a745000 	/usr/lib/system/libkeymgr.dylib
0x00007fff2dce3000 	/usr/lib/system/liblaunch.dylib
0x00007fff2a6e8000 	/usr/lib/system/libmacho.dylib
0x00007fff29efe000 	/usr/lib/system/libquarantine.dylib
0x00007fff2a742000 	/usr/lib/system/libremovefile.dylib
0x00007fff24b7a000 	/usr/lib/system/libsystem_asl.dylib
0x00007fff20136000 	/usr/lib/system/libsystem_blocks.dylib
0x00007fff202d4000 	/usr/lib/system/libsystem_c.dylib
0x00007fff2a73c000 	/usr/lib/system/libsystem_collections.dylib
0x00007fff292eb000 	/usr/lib/system/libsystem_configuration.dylib
0x00007fff285db000 	/usr/lib/system/libsystem_containermanager.dylib
0x00007fff2a480000 	/usr/lib/system/libsystem_coreservices.dylib
0x00007fff22799000 	/usr/lib/system/libsystem_darwin.dylib
0x00007fff2a746000 	/usr/lib/system/libsystem_dnssd.dylib
0x00007fff202d1000 	/usr/lib/system/libsystem_featureflags.dylib
0x00007fff2044c000 	/usr/lib/system/libsystem_info.dylib
0x00007fff2a69b000 	/usr/lib/system/libsystem_m.dylib
0x00007fff20225000 	/usr/lib/system/libsystem_malloc.dylib
0x00007fff24b0e000 	/usr/lib/system/libsystem_networkextension.dylib
0x00007fff22bb3000 	/usr/lib/system/libsystem_notify.dylib
0x00007fff30190000 	/usr/lib/system/libsystem_product_info_filter.dylib
0x00007fff292ef000 	/usr/lib/system/libsystem_sandbox.dylib
0x00007fff2a73f000 	/usr/lib/system/libsystem_secinit.dylib
0x00007fff203cc000 	/usr/lib/system/libsystem_kernel.dylib
0x00007fff20442000 	/usr/lib/system/libsystem_platform.dylib
0x00007fff203fb000 	/usr/lib/system/libsystem_pthread.dylib
0x00007fff262a7000 	/usr/lib/system/libsystem_symptoms.dylib
0x00007fff2016e000 	/usr/lib/system/libsystem_trace.dylib
0x00007fff2a716000 	/usr/lib/system/libunwind.dylib
0x00007fff20138000 	/usr/lib/system/libxpc.dylib
0x00007fff203b3000 	/usr/lib/libc++abi.dylib
0x00007fff2a721000 	/usr/lib/liboah.dylib
0x00007fff2ade5000 	/usr/lib/liblzma.5.dylib
0x00007fff20e6e000 	/System/Library/Frameworks/SystemConfiguration.framework/Versions/A/SystemConfiguration
0x00007fff2a756000 	/usr/lib/libfakelink.dylib
0x00007fff24670000 	/System/Library/Frameworks/CFNetwork.framework/Versions/A/CFNetwork
0x00007fff2a896000 	/usr/lib/libarchive.2.dylib
0x00007fff20eec000 	/usr/lib/libCRFSuite.dylib
0x00007fff29f25000 	/usr/lib/libbsm.0.dylib
0x00007fff2402c000 	/usr/lib/libnetwork.dylib
0x00007fff2a75b000 	/usr/lib/libpcap.A.dylib
0x00007fff262a0000 	/usr/lib/libdns_services.dylib
0x00007fff2adfe000 	/usr/lib/libcoretls_cfhelpers.dylib
0x00007fff2a99a000 	/usr/lib/libapple_nghttp2.dylib
0x00007fff2a6ee000 	/usr/lib/system/libkxld.dylib
0x00007fff25f0e000 	/usr/lib/libsqlite3.dylib
0x00007fff2a462000 	/System/Library/PrivateFrameworks/AppleFSCompression.framework/Versions/A/AppleFSCompression
0x00007fff29f0d000 	/usr/lib/libcoretls.dylib
0x00007fff2a9c7000 	/usr/lib/libpam.2.dylib
0x00007fff2aefa000 	/usr/lib/libxar.1.dylib
0x00007fff292f6000 	/System/Library/PrivateFrameworks/AppleSystemInfo.framework/Versions/A/AppleSystemInfo
0x00007fff29b50000 	/System/Library/PrivateFrameworks/IOMobileFramebuffer.framework/Versions/A/IOMobileFramebuffer
0x00007fff2a472000 	/usr/lib/libbz2.1.0.dylib
0x00007fff2a793000 	/usr/lib/libiconv.2.dylib
0x00007fff2a6e7000 	/usr/lib/libcharset.1.dylib
0x00007fff2744e000 	/System/Library/Frameworks/CoreServices.framework/Versions/A/Frameworks/FSEvents.framework/Versions/A/FSEvents
0x00007fff227a3000 	/System/Library/Frameworks/CoreServices.framework/Versions/A/Frameworks/CarbonCore.framework/Versions/A/CarbonCore
0x00007fff264a9000 	/System/Library/Frameworks/CoreServices.framework/Versions/A/Frameworks/Metadata.framework/Versions/A/Metadata
0x00007fff2a485000 	/System/Library/Frameworks/CoreServices.framework/Versions/A/Frameworks/OSServices.framework/Versions/A/OSServices
0x00007fff2a908000 	/System/Library/Frameworks/CoreServices.framework/Versions/A/Frameworks/SearchKit.framework/Versions/A/SearchKit
0x00007fff2622a000 	/System/Library/Frameworks/CoreServices.framework/Versions/A/Frameworks/AE.framework/Versions/A/AE
0x00007fff20914000 	/System/Library/Frameworks/CoreServices.framework/Versions/A/Frameworks/LaunchServices.framework/Versions/A/LaunchServices
0x00007fff2ad96000 	/System/Library/Frameworks/CoreServices.framework/Versions/A/Frameworks/DictionaryServices.framework/Versions/A/DictionaryServices
0x00007fff27457000 	/System/Library/Frameworks/CoreServices.framework/Versions/A/Frameworks/SharedFileList.framework/Versions/A/SharedFileList
0x00007fff29f01000 	/usr/lib/libCheckFix.dylib
0x00007fff24b91000 	/System/Library/PrivateFrameworks/TCC.framework/Versions/A/TCC
0x00007fff292fc000 	/System/Library/PrivateFrameworks/CoreNLP.framework/Versions/A/CoreNLP
0x00007fff2645c000 	/System/Library/PrivateFrameworks/MetadataUtilities.framework/Versions/A/MetadataUtilities
0x00007fff20f22000 	/usr/lib/libmecabra.dylib
0x00007fff2a215000 	/System/Library/Frameworks/MLCompute.framework/Versions/A/MLCompute
0x00007fff29f36000 	/usr/lib/libmecab.dylib
0x00007fff29f80000 	/usr/lib/libgermantok.dylib
0x00007fff2a970000 	/usr/lib/libThaiTokenizer.dylib
0x00007fff2af35000 	/usr/lib/libChineseTokenizer.dylib
0x00007fff2a9c5000 	/System/Library/Frameworks/MetalPerformanceShaders.framework/Versions/A/MetalPerformanceShaders
0x00007fff2654b000 	/System/Library/Frameworks/Accelerate.framework/Versions/A/Frameworks/vImage.framework/Versions/A/vImage
0x00007fff3026b000 	/System/Library/Frameworks/Accelerate.framework/Versions/A/Frameworks/vecLib.framework/Versions/A/vecLib
0x00007fff2af40000 	/System/Library/Frameworks/Accelerate.framework/Versions/A/Frameworks/vecLib.framework/Versions/A/libvMisc.dylib
0x00007fff299ac000 	/System/Library/Frameworks/Accelerate.framework/Versions/A/Frameworks/vecLib.framework/Versions/A/libvDSP.dylib
0x00007fff20c18000 	/System/Library/Frameworks/Accelerate.framework/Versions/A/Frameworks/vecLib.framework/Versions/A/libBLAS.dylib
0x00007fff2a9eb000 	/System/Library/Frameworks/Accelerate.framework/Versions/A/Frameworks/vecLib.framework/Versions/A/libLAPACK.dylib
0x00007fff29f86000 	/System/Library/Frameworks/Accelerate.framework/Versions/A/Frameworks/vecLib.framework/Versions/A/libLinearAlgebra.dylib
0x00007fff2a9b2000 	/System/Library/Frameworks/Accelerate.framework/Versions/A/Frameworks/vecLib.framework/Versions/A/libSparseBLAS.dylib
0x00007fff2a9e5000 	/System/Library/Frameworks/Accelerate.framework/Versions/A/Frameworks/vecLib.framework/Versions/A/libQuadrature.dylib
0x00007fff293a4000 	/System/Library/Frameworks/Accelerate.framework/Versions/A/Frameworks/vecLib.framework/Versions/A/libBNNS.dylib
0x00007fff20dff000 	/System/Library/Frameworks/Accelerate.framework/Versions/A/Frameworks/vecLib.framework/Versions/A/libSparse.dylib
0x00007fff2928f000 	/System/Library/Frameworks/MetalPerformanceShaders.framework/Versions/A/Frameworks/MPSCore.framework/Versions/A/MPSCore
0x00007fff2a3d1000 	/System/Library/Frameworks/MetalPerformanceShaders.framework/Versions/A/Frameworks/MPSImage.framework/Versions/A/MPSImage
0x00007fff29f9d000 	/System/Library/Frameworks/MetalPerformanceShaders.framework/Versions/A/Frameworks/MPSNeuralNetwork.framework/Versions/A/MPSNeuralNetwork
0x00007fff2a35c000 	/System/Library/Frameworks/MetalPerformanceShaders.framework/Versions/A/Frameworks/MPSMatrix.framework/Versions/A/MPSMatrix
0x00007fff2a1c5000 	/System/Library/Frameworks/MetalPerformanceShaders.framework/Versions/A/Frameworks/MPSRayIntersector.framework/Versions/A/MPSRayIntersector
0x00007fff2a393000 	/System/Library/Frameworks/MetalPerformanceShaders.framework/Versions/A/Frameworks/MPSNDArray.framework/Versions/A/MPSNDArray
0x00007fff20b44000 	/System/Library/PrivateFrameworks/MetalTools.framework/Versions/A/MetalTools
0x00007fff292f4000 	/System/Library/PrivateFrameworks/AggregateDictionary.framework/Versions/A/AggregateDictionary
0x00007fff26434000 	/System/Library/PrivateFrameworks/CoreAnalytics.framework/Versions/A/CoreAnalytics
0x00007fff2a972000 	/System/Library/PrivateFrameworks/AppleSauce.framework/Versions/A/AppleSauce
0x00007fff285fe000 	/System/Library/PrivateFrameworks/IOAccelerator.framework/Versions/A/IOAccelerator
0x00007fff6cb8f000 	/System/Library/Frameworks/OpenGL.framework/Versions/A/Libraries/libCoreFSCache.dylib
0x00007fff214be000 	/System/Library/PrivateFrameworks/LanguageModeling.framework/Versions/A/LanguageModeling
0x00007fff29b3d000 	/System/Library/PrivateFrameworks/CoreEmoji.framework/Versions/A/CoreEmoji
0x00007fff2939d000 	/System/Library/PrivateFrameworks/LinguisticData.framework/Versions/A/LinguisticData
0x00007fff20db1000 	/System/Library/PrivateFrameworks/Lexicon.framework/Versions/A/Lexicon
0x00007fff2a884000 	/usr/lib/libcmph.dylib
0x00007fff2742e000 	/System/Library/Frameworks/OpenDirectory.framework/Versions/A/Frameworks/CFOpenDirectory.framework/Versions/A/CFOpenDirectory
0x00007fff2741e000 	/System/Library/Frameworks/OpenDirectory.framework/Versions/A/OpenDirectory
0x00007fff2ae00000 	/System/Library/PrivateFrameworks/APFS.framework/Versions/A/APFS
0x00007fff29e62000 	/System/Library/Frameworks/SecurityFoundation.framework/Versions/A/SecurityFoundation
0x00007fff2af08000 	/usr/lib/libutil.dylib
0x00007fff22aca000 	/System/Library/PrivateFrameworks/CoreServicesStore.framework/Versions/A/CoreServicesStore
0x00007fff29ef9000 	/System/Library/Frameworks/ServiceManagement.framework/Versions/A/ServiceManagement
0x00007fff2af0c000 	/usr/lib/libxslt.1.dylib
0x00007fff29eef000 	/System/Library/PrivateFrameworks/BackgroundTaskManagement.framework/Versions/A/BackgroundTaskManagement
0x00007fff2c04c000 	/System/Library/Frameworks/ImageIO.framework/Versions/A/Resources/libRadiance.dylib
0x00007fff2c055000 	/System/Library/Frameworks/ImageIO.framework/Versions/A/Resources/libJPEG.dylib
0x00007fff2bfa5000 	/System/Library/Frameworks/ImageIO.framework/Versions/A/Resources/libPng.dylib
0x00007fff2bfcc000 	/System/Library/Frameworks/ImageIO.framework/Versions/A/Resources/libTIFF.dylib
0x00007fff2c0aa000 	/System/Library/Frameworks/ImageIO.framework/Versions/A/Resources/libGIF.dylib
0x00007fff2bd09000 	/System/Library/Frameworks/ImageIO.framework/Versions/A/Resources/libJP2.dylib
0x00007fff2b3f3000 	/usr/lib/libexpat.1.dylib
0x00007fff2bcbe000 	/System/Library/PrivateFrameworks/AppleJPEG.framework/Versions/A/AppleJPEG
0x00007fff28834000 	/System/Library/PrivateFrameworks/FontServices.framework/libFontParser.dylib
0x00007fff261de000 	/System/Library/PrivateFrameworks/RunningBoardServices.framework/Versions/A/RunningBoardServices
0x00007fff2bde7000 	/System/Library/PrivateFrameworks/WatchdogClient.framework/Versions/A/WatchdogClient
0x00007fff215ab000 	/System/Library/Frameworks/CoreDisplay.framework/Versions/A/CoreDisplay
0x00007fff2874a000 	/System/Library/Frameworks/CoreMedia.framework/Versions/A/CoreMedia
0x00007fff275ab000 	/System/Library/Frameworks/CoreVideo.framework/Versions/A/CoreVideo
0x00007fff2be1f000 	/System/Library/Frameworks/VideoToolbox.framework/Versions/A/VideoToolbox
0x00007fff2615c000 	/System/Library/PrivateFrameworks/BaseBoard.framework/Versions/A/BaseBoard
0x00007fff2b538000 	/System/Library/PrivateFrameworks/PersistentConnection.framework/Versions/A/PersistentConnection
0x00007fff25ef7000 	/System/Library/PrivateFrameworks/ProtocolBuffer.framework/Versions/A/ProtocolBuffer
0x00007fff26143000 	/System/Library/PrivateFrameworks/CommonUtilities.framework/Versions/A/CommonUtilities
0x00007fff2bc53000 	/System/Library/PrivateFrameworks/Bom.framework/Versions/A/Bom
0x00007fff2c045000 	/System/Library/PrivateFrameworks/GPUWrangler.framework/Versions/A/GPUWrangler
0x00007fff2c02a000 	/System/Library/PrivateFrameworks/IOPresentment.framework/Versions/A/IOPresentment
0x00007fff2c04f000 	/System/Library/PrivateFrameworks/DSExternalDisplay.framework/Versions/A/DSExternalDisplay
0x00007fff2c0af000 	/System/Library/PrivateFrameworks/CMCaptureCore.framework/Versions/A/CMCaptureCore
0x00007fff2b9d8000 	/System/Library/PrivateFrameworks/AppServerSupport.framework/Versions/A/AppServerSupport
0x00007fff2da82000 	/System/Library/PrivateFrameworks/perfdata.framework/Versions/A/perfdata
0x00007fff29e51000 	/System/Library/PrivateFrameworks/AssertionServices.framework/Versions/A/AssertionServices
0x00007fff216e2000 	/System/Library/PrivateFrameworks/AudioToolboxCore.framework/Versions/A/AudioToolboxCore
0x00007fff2872d000 	/System/Library/PrivateFrameworks/caulk.framework/Versions/A/caulk
0x00007fff3d70f000 	/System/Library/PrivateFrameworks/SystemPolicy.framework/Versions/A/SystemPolicy
0x00007fff2b1e8000 	/usr/lib/libIOReport.dylib
0x00007fff2d2a4000 	/usr/lib/libSMC.dylib
0x00007fff2bf72000 	/usr/lib/libAudioToolboxUtility.dylib
0x00007fff3e079000 	/usr/lib/libmis.dylib
0x00007fff6cbeb000 	/System/Library/Frameworks/OpenGL.framework/Versions/A/Libraries/libGLU.dylib
0x00007fff6cbae000 	/System/Library/Frameworks/OpenGL.framework/Versions/A/Libraries/libGFXShared.dylib
0x00007fff6cdbd000 	/System/Library/Frameworks/OpenGL.framework/Versions/A/Libraries/libGL.dylib
0x00007fff6cbb7000 	/System/Library/Frameworks/OpenGL.framework/Versions/A/Libraries/libGLImage.dylib
0x00007fff6cbab000 	/System/Library/Frameworks/OpenGL.framework/Versions/A/Libraries/libCVMSPluginSupport.dylib
0x00007fff6cb96000 	/System/Library/Frameworks/OpenGL.framework/Versions/A/Libraries/libCoreVMClient.dylib
0x00007fff6e1fe000 	/System/Library/Frameworks/OpenCL.framework/Versions/A/OpenCL
0x00007fff2b562000 	/System/Library/PrivateFrameworks/GraphVisualizer.framework/Versions/A/GraphVisualizer
0x00007fff2b571000 	/System/Library/PrivateFrameworks/FaceCore.framework/Versions/A/FaceCore
0x00007fff2b98d000 	/System/Library/PrivateFrameworks/OTSVG.framework/Versions/A/OTSVG
0x00007fff271a2000 	/System/Library/Frameworks/ApplicationServices.framework/Versions/A/Frameworks/ATS.framework/Versions/A/Resources/libFontRegistry.dylib
0x00007fff2b9df000 	/System/Library/PrivateFrameworks/FontServices.framework/libhvf.dylib
0x00007fff2b39f000 	/System/Library/PrivateFrameworks/AppleVA.framework/Versions/A/AppleVA
0x00007fff2d0ed000 	/System/Library/Frameworks/ApplicationServices.framework/Versions/A/Frameworks/ATS.framework/Versions/A/ATS
0x00007fff2d3ff000 	/System/Library/Frameworks/ApplicationServices.framework/Versions/A/Frameworks/ColorSyncLegacy.framework/Versions/A/ColorSyncLegacy
0x00007fff256c0000 	/System/Library/Frameworks/ApplicationServices.framework/Versions/A/Frameworks/HIServices.framework/Versions/A/HIServices
0x00007fff2d3e4000 	/System/Library/Frameworks/ApplicationServices.framework/Versions/A/Frameworks/LangAnalysis.framework/Versions/A/LangAnalysis
0x00007fff2c0b9000 	/System/Library/Frameworks/ApplicationServices.framework/Versions/A/Frameworks/PrintCore.framework/Versions/A/PrintCore
0x00007fff2d407000 	/System/Library/Frameworks/ApplicationServices.framework/Versions/A/Frameworks/QD.framework/Versions/A/QD
0x00007fff2d0dd000 	/System/Library/Frameworks/ApplicationServices.framework/Versions/A/Frameworks/SpeechSynthesis.framework/Versions/A/SpeechSynthesis
0x00007fff2c07a000 	/System/Library/Frameworks/ApplicationServices.framework/Versions/A/Frameworks/ATSUI.framework/Versions/A/ATSUI
0x00007fff2d384000 	/usr/lib/libcups.2.dylib
0x00007fff2d3f4000 	/System/Library/PrivateFrameworks/NetAuth.framework/Versions/A/NetAuth
0x00007fff2da9e000 	/System/Library/Frameworks/Kerberos.framework/Versions/A/Kerberos
0x00007fff2daae000 	/System/Library/Frameworks/GSS.framework/Versions/A/GSS
0x00007fff2d159000 	/usr/lib/libresolv.9.dylib
0x00007fff2b9f4000 	/System/Library/PrivateFrameworks/Heimdal.framework/Versions/A/Heimdal
0x00007fff33825000 	/System/Library/Frameworks/Kerberos.framework/Versions/A/Libraries/libHeimdalProxy.dylib
0x00007fff262af000 	/System/Library/Frameworks/Network.framework/Versions/A/Network
0x00007fff2b40d000 	/usr/lib/libheimdal-asn1.dylib
0x00007fff2dafe000 	/System/Library/PrivateFrameworks/CommonAuth.framework/Versions/A/CommonAuth
0x00007fff275f8000 	/System/Library/PrivateFrameworks/login.framework/Versions/A/Frameworks/loginsupport.framework/Versions/A/loginsupport
0x00007fff2d062000 	/System/Library/PrivateFrameworks/AudioSession.framework/Versions/A/AudioSession
0x00007fff2d0ca000 	/usr/lib/libAudioStatistics.dylib
0x00007fff2b49a000 	/System/Library/PrivateFrameworks/MediaExperience.framework/Versions/A/MediaExperience
0x00007fff2ceff000 	/System/Library/PrivateFrameworks/AudioSession.framework/libSessionUtility.dylib
0x00007fff2da8f000 	/usr/lib/libperfcheck.dylib
0x00007fff2d413000 	/System/Library/PrivateFrameworks/AudioResourceArbitration.framework/Versions/A/AudioResourceArbitration
0x00007fff2b417000 	/System/Library/PrivateFrameworks/IconFoundation.framework/Versions/A/IconFoundation
0x00007fff2ff35000 	/System/Library/PrivateFrameworks/SpeechRecognitionCore.framework/Versions/A/SpeechRecognitionCore
0x000000010f800000 	/Library/Java/JavaVirtualMachines/adoptopenjdk-11.jdk/Contents/Home/lib/server/libjvm.dylib
0x000000010b1a0000 	/Library/Java/JavaVirtualMachines/adoptopenjdk-11.jdk/Contents/Home/lib/libverify.dylib
0x000000010b21a000 	/Library/Java/JavaVirtualMachines/adoptopenjdk-11.jdk/Contents/Home/lib/libjava.dylib
0x000000010b280000 	/Library/Java/JavaVirtualMachines/adoptopenjdk-11.jdk/Contents/Home/lib/libjimage.dylib
0x000000010b29a000 	/Library/Java/JavaVirtualMachines/adoptopenjdk-11.jdk/Contents/Home/lib/libinstrument.dylib
0x000000010b2fe000 	/Library/Java/JavaVirtualMachines/adoptopenjdk-11.jdk/Contents/Home/lib/libzip.dylib
0x000000010b78e000 	/Library/Java/JavaVirtualMachines/adoptopenjdk-11.jdk/Contents/Home/lib/libnio.dylib
0x000000010b7ba000 	/Library/Java/JavaVirtualMachines/adoptopenjdk-11.jdk/Contents/Home/lib/libnet.dylib
0x000000010b1ee000 	/Library/Java/JavaVirtualMachines/adoptopenjdk-11.jdk/Contents/Home/lib/libextnet.dylib


VM Arguments:
jvm_args: -javaagent:/Applications/IntelliJ IDEA.app/Contents/lib/idea_rt.jar=52825:/Applications/IntelliJ IDEA.app/Contents/bin -Dfile.encoding=UTF-8 
java_command: MethodsExercises
java_class_path (initial): /Users/anngonzales/IdeaProjects/codeup-java-exercises/out/production/codeup-java-exercises
Launcher Type: SUN_STANDARD

[Global flags]
     intx CICompilerCount                          = 4                                         {product} {ergonomic}
     uint ConcGCThreads                            = 2                                         {product} {ergonomic}
     uint G1ConcRefinementThreads                  = 8                                         {product} {ergonomic}
   size_t G1HeapRegionSize                         = 1048576                                   {product} {ergonomic}
    uintx GCDrainStackTargetSize                   = 64                                        {product} {ergonomic}
   size_t InitialHeapSize                          = 134217728                                 {product} {ergonomic}
   size_t MarkStackSize                            = 4194304                                   {product} {ergonomic}
   size_t MaxHeapSize                              = 2147483648                                {product} {ergonomic}
   size_t MaxNewSize                               = 1287651328                                {product} {ergonomic}
   size_t MinHeapDeltaBytes                        = 1048576                                   {product} {ergonomic}
    uintx NonNMethodCodeHeapSize                   = 5836300                                {pd product} {ergonomic}
    uintx NonProfiledCodeHeapSize                  = 122910970                              {pd product} {ergonomic}
    uintx ProfiledCodeHeapSize                     = 122910970                              {pd product} {ergonomic}
    uintx ReservedCodeCacheSize                    = 251658240                              {pd product} {ergonomic}
     bool SegmentedCodeCache                       = true                                      {product} {ergonomic}
     bool UseCompressedClassPointers               = true                                 {lp64_product} {ergonomic}
     bool UseCompressedOops                        = true                                 {lp64_product} {ergonomic}
     bool UseG1GC                                  = true                                      {product} {ergonomic}

Logging:
Log output configuration:
 #0: stdout all=warning uptime,level,tags
 #1: stderr all=off uptime,level,tags

Environment Variables:
PATH=/usr/local/bin:/usr/bin:/bin:/usr/sbin:/sbin
SHELL=/bin/zsh
LC_CTYPE=en_US.UTF-8

Signal Handlers:
SIGSEGV: [libjvm.dylib+0x7b8c82], sa_mask[0]=11111111111111111111111111111111, sa_flags=SA_ONSTACK|SA_RESTART|SA_SIGINFO
SIGBUS: [libjvm.dylib+0x7b8c82], sa_mask[0]=11111111111111111111111111111111, sa_flags=SA_RESTART|SA_SIGINFO
SIGFPE: [libjvm.dylib+0x7b8c82], sa_mask[0]=11111111111111111111111111111111, sa_flags=SA_RESTART|SA_SIGINFO
SIGPIPE: [libjvm.dylib+0x61f47b], sa_mask[0]=11111111111111111111111111111111, sa_flags=SA_RESTART|SA_SIGINFO
SIGXFSZ: [libjvm.dylib+0x61f47b], sa_mask[0]=11111111111111111111111111111111, sa_flags=SA_RESTART|SA_SIGINFO
SIGILL: [libjvm.dylib+0x7b8c82], sa_mask[0]=11111111111111111111111111111111, sa_flags=SA_RESTART|SA_SIGINFO
SIGUSR2: [libjvm.dylib+0x61fa63], sa_mask[0]=00100000000000000000000000000000, sa_flags=SA_RESTART|SA_SIGINFO
SIGHUP: [libjvm.dylib+0x61e5a9], sa_mask[0]=11111111111111111111111111111111, sa_flags=SA_RESTART|SA_SIGINFO
SIGINT: [libjvm.dylib+0x61e5a9], sa_mask[0]=11111111111111111111111111111111, sa_flags=SA_RESTART|SA_SIGINFO
SIGTERM: [libjvm.dylib+0x61e5a9], sa_mask[0]=11111111111111111111111111111111, sa_flags=SA_RESTART|SA_SIGINFO
SIGQUIT: [libjvm.dylib+0x61e5a9], sa_mask[0]=11111111111111111111111111111111, sa_flags=SA_RESTART|SA_SIGINFO


---------------  S Y S T E M  ---------------

OS:uname:Darwin 20.2.0 Darwin Kernel Version 20.2.0: Wed Dec  2 20:40:21 PST 2020; root:xnu-7195.60.75~1/RELEASE_ARM64_T8101 x86_64
OS uptime: 6 days 23:00 hours
rlimit (soft/hard): STACK 8176k/65520k , CORE 0k/infinity , NPROC 1333/2000 , NOFILE 10240/infinity , AS infinity/infinity , CPU infinity/infinity , DATA infinity/infinity , FSIZE infinity/infinity , MEMLOCK infinity/infinity , RSS infinity/infinity
load average:1.75 1.61 1.58

CPU:total 8 (initial active 8) (1 cores per cpu, 1 threads per core) family 6 model 44 stepping 0, cmov, cx8, fxsr, mmx, sse, sse2, sse3, ssse3, sse4.1, sse4.2, popcnt, aes, clmul, tsc, tscinvbit, tscinv

Memory: 4k page, physical 8388608k(23308k free), swap 2097152k(1543168k free)

vm_info: OpenJDK 64-Bit Server VM (11.0.9.1+1) for bsd-amd64 JRE (11.0.9.1+1), built on Nov 10 2020 15:24:42 by "jenkins" with gcc 4.2.1 Compatible Apple LLVM 10.0.1 (clang-1001.0.46.4)

END.
